  imgui.cpp
  imgui_demo.cpp
  imgui_draw.cpp
  imgui_impl_glfw.cpp
  imgui_impl_opengl3.cpp
  imgui_widgets.cpp
  GLApplication.cpp
  Gui.cpp
  Light.cpp
  Mesh.cpp
  MeshManager.cpp
  Model.cpp
  Project1Scene.cpp
  Scene.cpp
  shader.cpp
  Texture.cpp
  Generating code
  Previous IPDB not found, fall back to full compilation.
  All 2007 functions were compiled because no usable IPDB/IOBJ from previous compilation was found.
  Finished generating code
  Assignment3.vcxproj -> C:\Users\charl\Desktop\eichelberger.c_CS300_3\Release\Assignment3.exe
          1 file(s) copied.
          1 file(s) copied.
          1 file(s) copied.
