  imgui.cpp
  imgui_demo.cpp
  imgui_draw.cpp
  imgui_impl_glfw.cpp
  imgui_impl_opengl3.cpp
  imgui_widgets.cpp
  GLApplication.cpp
  Gui.cpp
  Light.cpp
  Mesh.cpp
  MeshManager.cpp
  Model.cpp
  Project1Scene.cpp
  Scene.cpp
  shader.cpp
  Texture.cpp
  Generating Code...
LINK : warning LNK4098: defaultlib 'MSVCRT' conflicts with use of other libs; use /NODEFAULTLIB:library
  Assignment3.vcxproj -> C:\Users\charl\Desktop\eichelberger.c_CS300_3\Debug\Assignment3.exe
          1 file(s) copied.
          1 file(s) copied.
          1 file(s) copied.
